  소스.cpp
c:\users\pc\desktop\wordbook\wordbook\소스.cpp(18): warning C4838: 'int'에서 'SHORT'(으)로의 변환에는 축소 변환이 필요합니다.
c:\users\pc\desktop\wordbook\wordbook\소스.cpp(123): warning C4996: 'getch': The POSIX name for this item is deprecated. Instead, use the ISO C and C++ conformant name: _getch. See online help for details.
  c:\program files (x86)\windows kits\10\include\10.0.15063.0\ucrt\conio.h(452): note: 'getch' 선언을 참조하십시오.
c:\users\pc\desktop\wordbook\wordbook\소스.cpp(153): warning C4996: 'fopen': This function or variable may be unsafe. Consider using fopen_s instead. To disable deprecation, use _CRT_SECURE_NO_WARNINGS. See online help for details.
  c:\program files (x86)\windows kits\10\include\10.0.15063.0\ucrt\stdio.h(207): note: 'fopen' 선언을 참조하십시오.
c:\users\pc\desktop\wordbook\wordbook\소스.cpp(154): warning C4996: 'fopen': This function or variable may be unsafe. Consider using fopen_s instead. To disable deprecation, use _CRT_SECURE_NO_WARNINGS. See online help for details.
  c:\program files (x86)\windows kits\10\include\10.0.15063.0\ucrt\stdio.h(207): note: 'fopen' 선언을 참조하십시오.
c:\users\pc\desktop\wordbook\wordbook\소스.cpp(170): warning C4996: 'fopen': This function or variable may be unsafe. Consider using fopen_s instead. To disable deprecation, use _CRT_SECURE_NO_WARNINGS. See online help for details.
  c:\program files (x86)\windows kits\10\include\10.0.15063.0\ucrt\stdio.h(207): note: 'fopen' 선언을 참조하십시오.
c:\users\pc\desktop\wordbook\wordbook\소스.cpp(172): warning C4996: 'strlwr': The POSIX name for this item is deprecated. Instead, use the ISO C and C++ conformant name: _strlwr. See online help for details.
  c:\program files (x86)\windows kits\10\include\10.0.15063.0\ucrt\string.h(560): note: 'strlwr' 선언을 참조하십시오.
c:\users\pc\desktop\wordbook\wordbook\소스.cpp(179): warning C4996: 'strlwr': The POSIX name for this item is deprecated. Instead, use the ISO C and C++ conformant name: _strlwr. See online help for details.
  c:\program files (x86)\windows kits\10\include\10.0.15063.0\ucrt\string.h(560): note: 'strlwr' 선언을 참조하십시오.
c:\users\pc\desktop\wordbook\wordbook\소스.cpp(194): warning C4996: 'fopen': This function or variable may be unsafe. Consider using fopen_s instead. To disable deprecation, use _CRT_SECURE_NO_WARNINGS. See online help for details.
  c:\program files (x86)\windows kits\10\include\10.0.15063.0\ucrt\stdio.h(207): note: 'fopen' 선언을 참조하십시오.
c:\users\pc\desktop\wordbook\wordbook\소스.cpp(200): warning C4996: 'strcpy': This function or variable may be unsafe. Consider using strcpy_s instead. To disable deprecation, use _CRT_SECURE_NO_WARNINGS. See online help for details.
  c:\program files (x86)\windows kits\10\include\10.0.15063.0\ucrt\string.h(136): note: 'strcpy' 선언을 참조하십시오.
c:\users\pc\desktop\wordbook\wordbook\소스.cpp(214): warning C4996: 'fopen': This function or variable may be unsafe. Consider using fopen_s instead. To disable deprecation, use _CRT_SECURE_NO_WARNINGS. See online help for details.
  c:\program files (x86)\windows kits\10\include\10.0.15063.0\ucrt\stdio.h(207): note: 'fopen' 선언을 참조하십시오.
c:\users\pc\desktop\wordbook\wordbook\소스.cpp(234): warning C4996: 'fcloseall': The POSIX name for this item is deprecated. Instead, use the ISO C and C++ conformant name: _fcloseall. See online help for details.
  c:\program files (x86)\windows kits\10\include\10.0.15063.0\ucrt\stdio.h(2453): note: 'fcloseall' 선언을 참조하십시오.
c:\users\pc\desktop\wordbook\wordbook\소스.cpp(229): warning C4101: 'word' :참조되지 않은 지역 변수입니다.
  wordBook.vcxproj -> C:\Users\pc\Desktop\wordBook\Debug\wordBook.exe
  wordBook.vcxproj -> C:\Users\pc\Desktop\wordBook\Debug\wordBook.pdb (Partial PDB)
